  Console.cpp
C:\Users\Ostap_Shut\source\repos\lab3_oop\lab3_oop\Console.cpp(56,11): error C2248: Shape::_Id_type: невозможно обратиться к protected член, объявленному в классе "Shape"
C:\Users\Ostap_Shut\source\repos\lab3_oop\lab3_oop\Shape.h(10): message : см. объявление "Shape::_Id_type"
C:\Users\Ostap_Shut\source\repos\lab3_oop\lab3_oop\Shape.h(6): message : см. объявление "Shape"
C:\Users\Ostap_Shut\source\repos\lab3_oop\lab3_oop\Console.cpp(56,36): error C2248: Shape::_Id_type: невозможно обратиться к protected член, объявленному в классе "Shape"
C:\Users\Ostap_Shut\source\repos\lab3_oop\lab3_oop\Shape.h(10): message : см. объявление "Shape::_Id_type"
C:\Users\Ostap_Shut\source\repos\lab3_oop\lab3_oop\Shape.h(6): message : см. объявление "Shape"
C:\Users\Ostap_Shut\source\repos\lab3_oop\lab3_oop\Console.cpp(56,63): error C2248: Shape::_Id_type: невозможно обратиться к protected член, объявленному в классе "Shape"
C:\Users\Ostap_Shut\source\repos\lab3_oop\lab3_oop\Shape.h(10): message : см. объявление "Shape::_Id_type"
C:\Users\Ostap_Shut\source\repos\lab3_oop\lab3_oop\Shape.h(6): message : см. объявление "Shape"
C:\Users\Ostap_Shut\source\repos\lab3_oop\lab3_oop\Console.cpp(56,88): error C2248: Shape::_Id_type: невозможно обратиться к protected член, объявленному в классе "Shape"
C:\Users\Ostap_Shut\source\repos\lab3_oop\lab3_oop\Shape.h(10): message : см. объявление "Shape::_Id_type"
C:\Users\Ostap_Shut\source\repos\lab3_oop\lab3_oop\Shape.h(6): message : см. объявление "Shape"
  Operations.cpp
C:\Users\Ostap_Shut\source\repos\lab3_oop\lab3_oop\Operations.cpp(18,9): error C2248: Shape::_Id_type: невозможно обратиться к protected член, объявленному в классе "Shape"
C:\Users\Ostap_Shut\source\repos\lab3_oop\lab3_oop\Shape.h(10): message : см. объявление "Shape::_Id_type"
C:\Users\Ostap_Shut\source\repos\lab3_oop\lab3_oop\Shape.h(6): message : см. объявление "Shape"
C:\Users\Ostap_Shut\source\repos\lab3_oop\lab3_oop\Operations.cpp(18,32): error C2248: Shape::_Id_type: невозможно обратиться к protected член, объявленному в классе "Shape"
C:\Users\Ostap_Shut\source\repos\lab3_oop\lab3_oop\Shape.h(10): message : см. объявление "Shape::_Id_type"
C:\Users\Ostap_Shut\source\repos\lab3_oop\lab3_oop\Shape.h(6): message : см. объявление "Shape"
C:\Users\Ostap_Shut\source\repos\lab3_oop\lab3_oop\Operations.cpp(18,57): error C2248: Shape::_Id_type: невозможно обратиться к protected член, объявленному в классе "Shape"
C:\Users\Ostap_Shut\source\repos\lab3_oop\lab3_oop\Shape.h(10): message : см. объявление "Shape::_Id_type"
C:\Users\Ostap_Shut\source\repos\lab3_oop\lab3_oop\Shape.h(6): message : см. объявление "Shape"
C:\Users\Ostap_Shut\source\repos\lab3_oop\lab3_oop\Operations.cpp(18,80): error C2248: Shape::_Id_type: невозможно обратиться к protected член, объявленному в классе "Shape"
C:\Users\Ostap_Shut\source\repos\lab3_oop\lab3_oop\Shape.h(10): message : см. объявление "Shape::_Id_type"
C:\Users\Ostap_Shut\source\repos\lab3_oop\lab3_oop\Shape.h(6): message : см. объявление "Shape"
C:\Users\Ostap_Shut\source\repos\lab3_oop\lab3_oop\Operations.cpp(22,27): error C2248: Shape::_point_arr: невозможно обратиться к protected член, объявленному в классе "Shape"
C:\Users\Ostap_Shut\source\repos\lab3_oop\lab3_oop\Shape.h(9): message : см. объявление "Shape::_point_arr"
C:\Users\Ostap_Shut\source\repos\lab3_oop\lab3_oop\Shape.h(6): message : см. объявление "Shape"
C:\Users\Ostap_Shut\source\repos\lab3_oop\lab3_oop\Operations.cpp(22,46): error C2248: Shape::_point_arr: невозможно обратиться к protected член, объявленному в классе "Shape"
C:\Users\Ostap_Shut\source\repos\lab3_oop\lab3_oop\Shape.h(9): message : см. объявление "Shape::_point_arr"
C:\Users\Ostap_Shut\source\repos\lab3_oop\lab3_oop\Shape.h(6): message : см. объявление "Shape"
C:\Users\Ostap_Shut\source\repos\lab3_oop\lab3_oop\Operations.cpp(22,65): error C2248: Shape::_point_arr: невозможно обратиться к protected член, объявленному в классе "Shape"
C:\Users\Ostap_Shut\source\repos\lab3_oop\lab3_oop\Shape.h(9): message : см. объявление "Shape::_point_arr"
C:\Users\Ostap_Shut\source\repos\lab3_oop\lab3_oop\Shape.h(6): message : см. объявление "Shape"
C:\Users\Ostap_Shut\source\repos\lab3_oop\lab3_oop\Operations.cpp(22,84): error C2248: Shape::_point_arr: невозможно обратиться к protected член, объявленному в классе "Shape"
C:\Users\Ostap_Shut\source\repos\lab3_oop\lab3_oop\Shape.h(9): message : см. объявление "Shape::_point_arr"
C:\Users\Ostap_Shut\source\repos\lab3_oop\lab3_oop\Shape.h(6): message : см. объявление "Shape"
C:\Users\Ostap_Shut\source\repos\lab3_oop\lab3_oop\Operations.cpp(22,118): error C2248: Shape::_point_arr: невозможно обратиться к protected член, объявленному в классе "Shape"
C:\Users\Ostap_Shut\source\repos\lab3_oop\lab3_oop\Shape.h(9): message : см. объявление "Shape::_point_arr"
C:\Users\Ostap_Shut\source\repos\lab3_oop\lab3_oop\Shape.h(6): message : см. объявление "Shape"
C:\Users\Ostap_Shut\source\repos\lab3_oop\lab3_oop\Operations.cpp(22,137): error C2248: Shape::_point_arr: невозможно обратиться к protected член, объявленному в классе "Shape"
C:\Users\Ostap_Shut\source\repos\lab3_oop\lab3_oop\Shape.h(9): message : см. объявление "Shape::_point_arr"
C:\Users\Ostap_Shut\source\repos\lab3_oop\lab3_oop\Shape.h(6): message : см. объявление "Shape"
C:\Users\Ostap_Shut\source\repos\lab3_oop\lab3_oop\Operations.cpp(22,156): error C2248: Shape::_point_arr: невозможно обратиться к protected член, объявленному в классе "Shape"
C:\Users\Ostap_Shut\source\repos\lab3_oop\lab3_oop\Shape.h(9): message : см. объявление "Shape::_point_arr"
C:\Users\Ostap_Shut\source\repos\lab3_oop\lab3_oop\Shape.h(6): message : см. объявление "Shape"
C:\Users\Ostap_Shut\source\repos\lab3_oop\lab3_oop\Operations.cpp(22,175): error C2248: Shape::_point_arr: невозможно обратиться к protected член, объявленному в классе "Shape"
C:\Users\Ostap_Shut\source\repos\lab3_oop\lab3_oop\Shape.h(9): message : см. объявление "Shape::_point_arr"
C:\Users\Ostap_Shut\source\repos\lab3_oop\lab3_oop\Shape.h(6): message : см. объявление "Shape"
C:\Users\Ostap_Shut\source\repos\lab3_oop\lab3_oop\Operations.cpp(22,209): error C2248: Shape::_point_arr: невозможно обратиться к protected член, объявленному в классе "Shape"
C:\Users\Ostap_Shut\source\repos\lab3_oop\lab3_oop\Shape.h(9): message : см. объявление "Shape::_point_arr"
C:\Users\Ostap_Shut\source\repos\lab3_oop\lab3_oop\Shape.h(6): message : см. объявление "Shape"
C:\Users\Ostap_Shut\source\repos\lab3_oop\lab3_oop\Operations.cpp(22,228): error C2248: Shape::_point_arr: невозможно обратиться к protected член, объявленному в классе "Shape"
C:\Users\Ostap_Shut\source\repos\lab3_oop\lab3_oop\Shape.h(9): message : см. объявление "Shape::_point_arr"
C:\Users\Ostap_Shut\source\repos\lab3_oop\lab3_oop\Shape.h(6): message : см. объявление "Shape"
C:\Users\Ostap_Shut\source\repos\lab3_oop\lab3_oop\Operations.cpp(22,247): error C2248: Shape::_point_arr: невозможно обратиться к protected член, объявленному в классе "Shape"
C:\Users\Ostap_Shut\source\repos\lab3_oop\lab3_oop\Shape.h(9): message : см. объявление "Shape::_point_arr"
C:\Users\Ostap_Shut\source\repos\lab3_oop\lab3_oop\Shape.h(6): message : см. объявление "Shape"
C:\Users\Ostap_Shut\source\repos\lab3_oop\lab3_oop\Operations.cpp(22,266): error C2248: Shape::_point_arr: невозможно обратиться к protected член, объявленному в классе "Shape"
C:\Users\Ostap_Shut\source\repos\lab3_oop\lab3_oop\Shape.h(9): message : см. объявление "Shape::_point_arr"
C:\Users\Ostap_Shut\source\repos\lab3_oop\lab3_oop\Shape.h(6): message : см. объявление "Shape"
C:\Users\Ostap_Shut\source\repos\lab3_oop\lab3_oop\Operations.cpp(23,23): error C2248: Shape::_point_arr: невозможно обратиться к protected член, объявленному в классе "Shape"
C:\Users\Ostap_Shut\source\repos\lab3_oop\lab3_oop\Shape.h(9): message : см. объявление "Shape::_point_arr"
C:\Users\Ostap_Shut\source\repos\lab3_oop\lab3_oop\Shape.h(6): message : см. объявление "Shape"
C:\Users\Ostap_Shut\source\repos\lab3_oop\lab3_oop\Operations.cpp(23,42): error C2248: Shape::_point_arr: невозможно обратиться к protected член, объявленному в классе "Shape"
C:\Users\Ostap_Shut\source\repos\lab3_oop\lab3_oop\Shape.h(9): message : см. объявление "Shape::_point_arr"
C:\Users\Ostap_Shut\source\repos\lab3_oop\lab3_oop\Shape.h(6): message : см. объявление "Shape"
C:\Users\Ostap_Shut\source\repos\lab3_oop\lab3_oop\Operations.cpp(23,61): error C2248: Shape::_point_arr: невозможно обратиться к protected член, объявленному в классе "Shape"
C:\Users\Ostap_Shut\source\repos\lab3_oop\lab3_oop\Shape.h(9): message : см. объявление "Shape::_point_arr"
C:\Users\Ostap_Shut\source\repos\lab3_oop\lab3_oop\Shape.h(6): message : см. объявление "Shape"
C:\Users\Ostap_Shut\source\repos\lab3_oop\lab3_oop\Operations.cpp(23,80): error C2248: Shape::_point_arr: невозможно обратиться к protected член, объявленному в классе "Shape"
C:\Users\Ostap_Shut\source\repos\lab3_oop\lab3_oop\Shape.h(9): message : см. объявление "Shape::_point_arr"
C:\Users\Ostap_Shut\source\repos\lab3_oop\lab3_oop\Shape.h(6): message : см. объявление "Shape"
C:\Users\Ostap_Shut\source\repos\lab3_oop\lab3_oop\Operations.cpp(23,114): error C2248: Shape::_point_arr: невозможно обратиться к protected член, объявленному в классе "Shape"
C:\Users\Ostap_Shut\source\repos\lab3_oop\lab3_oop\Shape.h(9): message : см. объявление "Shape::_point_arr"
C:\Users\Ostap_Shut\source\repos\lab3_oop\lab3_oop\Shape.h(6): message : см. объявление "Shape"
C:\Users\Ostap_Shut\source\repos\lab3_oop\lab3_oop\Operations.cpp(23,133): error C2248: Shape::_point_arr: невозможно обратиться к protected член, объявленному в классе "Shape"
C:\Users\Ostap_Shut\source\repos\lab3_oop\lab3_oop\Shape.h(9): message : см. объявление "Shape::_point_arr"
C:\Users\Ostap_Shut\source\repos\lab3_oop\lab3_oop\Shape.h(6): message : см. объявление "Shape"
C:\Users\Ostap_Shut\source\repos\lab3_oop\lab3_oop\Operations.cpp(23,152): error C2248: Shape::_point_arr: невозможно обратиться к protected член, объявленному в классе "Shape"
C:\Users\Ostap_Shut\source\repos\lab3_oop\lab3_oop\Shape.h(9): message : см. объявление "Shape::_point_arr"
C:\Users\Ostap_Shut\source\repos\lab3_oop\lab3_oop\Shape.h(6): message : см. объявление "Shape"
C:\Users\Ostap_Shut\source\repos\lab3_oop\lab3_oop\Operations.cpp(23,171): error C2248: Shape::_point_arr: невозможно обратиться к protected член, объявленному в классе "Shape"
C:\Users\Ostap_Shut\source\repos\lab3_oop\lab3_oop\Shape.h(9): message : см. объявление "Shape::_point_arr"
C:\Users\Ostap_Shut\source\repos\lab3_oop\lab3_oop\Shape.h(6): message : см. объявление "Shape"
C:\Users\Ostap_Shut\source\repos\lab3_oop\lab3_oop\Operations.cpp(23,205): error C2248: Shape::_point_arr: невозможно обратиться к protected член, объявленному в классе "Shape"
C:\Users\Ostap_Shut\source\repos\lab3_oop\lab3_oop\Shape.h(9): message : см. объявление "Shape::_point_arr"
C:\Users\Ostap_Shut\source\repos\lab3_oop\lab3_oop\Shape.h(6): message : см. объявление "Shape"
C:\Users\Ostap_Shut\source\repos\lab3_oop\lab3_oop\Operations.cpp(23,224): error C2248: Shape::_point_arr: невозможно обратиться к protected член, объявленному в классе "Shape"
C:\Users\Ostap_Shut\source\repos\lab3_oop\lab3_oop\Shape.h(9): message : см. объявление "Shape::_point_arr"
C:\Users\Ostap_Shut\source\repos\lab3_oop\lab3_oop\Shape.h(6): message : см. объявление "Shape"
C:\Users\Ostap_Shut\source\repos\lab3_oop\lab3_oop\Operations.cpp(23,243): error C2248: Shape::_point_arr: невозможно обратиться к protected член, объявленному в классе "Shape"
C:\Users\Ostap_Shut\source\repos\lab3_oop\lab3_oop\Shape.h(9): message : см. объявление "Shape::_point_arr"
C:\Users\Ostap_Shut\source\repos\lab3_oop\lab3_oop\Shape.h(6): message : см. объявление "Shape"
C:\Users\Ostap_Shut\source\repos\lab3_oop\lab3_oop\Operations.cpp(23,262): error C2248: Shape::_point_arr: невозможно обратиться к protected член, объявленному в классе "Shape"
C:\Users\Ostap_Shut\source\repos\lab3_oop\lab3_oop\Shape.h(9): message : см. объявление "Shape::_point_arr"
C:\Users\Ostap_Shut\source\repos\lab3_oop\lab3_oop\Shape.h(6): message : см. объявление "Shape"
C:\Users\Ostap_Shut\source\repos\lab3_oop\lab3_oop\Operations.cpp(24,24): error C2248: Shape::_point_arr: невозможно обратиться к protected член, объявленному в классе "Shape"
C:\Users\Ostap_Shut\source\repos\lab3_oop\lab3_oop\Shape.h(9): message : см. объявление "Shape::_point_arr"
C:\Users\Ostap_Shut\source\repos\lab3_oop\lab3_oop\Shape.h(6): message : см. объявление "Shape"
C:\Users\Ostap_Shut\source\repos\lab3_oop\lab3_oop\Operations.cpp(24,43): error C2248: Shape::_point_arr: невозможно обратиться к protected член, объявленному в классе "Shape"
C:\Users\Ostap_Shut\source\repos\lab3_oop\lab3_oop\Shape.h(9): message : см. объявление "Shape::_point_arr"
C:\Users\Ostap_Shut\source\repos\lab3_oop\lab3_oop\Shape.h(6): message : см. объявление "Shape"
C:\Users\Ostap_Shut\source\repos\lab3_oop\lab3_oop\Operations.cpp(24,62): error C2248: Shape::_point_arr: невозможно обратиться к protected член, объявленному в классе "Shape"
C:\Users\Ostap_Shut\source\repos\lab3_oop\lab3_oop\Shape.h(9): message : см. объявление "Shape::_point_arr"
C:\Users\Ostap_Shut\source\repos\lab3_oop\lab3_oop\Shape.h(6): message : см. объявление "Shape"
C:\Users\Ostap_Shut\source\repos\lab3_oop\lab3_oop\Operations.cpp(24,81): error C2248: Shape::_point_arr: невозможно обратиться к protected член, объявленному в классе "Shape"
C:\Users\Ostap_Shut\source\repos\lab3_oop\lab3_oop\Shape.h(9): message : см. объявление "Shape::_point_arr"
C:\Users\Ostap_Shut\source\repos\lab3_oop\lab3_oop\Shape.h(6): message : см. объявление "Shape"
C:\Users\Ostap_Shut\source\repos\lab3_oop\lab3_oop\Operations.cpp(24,115): error C2248: Shape::_point_arr: невозможно обратиться к protected член, объявленному в классе "Shape"
C:\Users\Ostap_Shut\source\repos\lab3_oop\lab3_oop\Shape.h(9): message : см. объявление "Shape::_point_arr"
C:\Users\Ostap_Shut\source\repos\lab3_oop\lab3_oop\Shape.h(6): message : см. объявление "Shape"
C:\Users\Ostap_Shut\source\repos\lab3_oop\lab3_oop\Operations.cpp(24,134): error C2248: Shape::_point_arr: невозможно обратиться к protected член, объявленному в классе "Shape"
C:\Users\Ostap_Shut\source\repos\lab3_oop\lab3_oop\Shape.h(9): message : см. объявление "Shape::_point_arr"
C:\Users\Ostap_Shut\source\repos\lab3_oop\lab3_oop\Shape.h(6): message : см. объявление "Shape"
C:\Users\Ostap_Shut\source\repos\lab3_oop\lab3_oop\Operations.cpp(24,153): error C2248: Shape::_point_arr: невозможно обратиться к protected член, объявленному в классе "Shape"
C:\Users\Ostap_Shut\source\repos\lab3_oop\lab3_oop\Shape.h(9): message : см. объявление "Shape::_point_arr"
C:\Users\Ostap_Shut\source\repos\lab3_oop\lab3_oop\Shape.h(6): message : см. объявление "Shape"
C:\Users\Ostap_Shut\source\repos\lab3_oop\lab3_oop\Operations.cpp(24,172): error C2248: Shape::_point_arr: невозможно обратиться к protected член, объявленному в классе "Shape"
C:\Users\Ostap_Shut\source\repos\lab3_oop\lab3_oop\Shape.h(9): message : см. объявление "Shape::_point_arr"
C:\Users\Ostap_Shut\source\repos\lab3_oop\lab3_oop\Shape.h(6): message : см. объявление "Shape"
C:\Users\Ostap_Shut\source\repos\lab3_oop\lab3_oop\Operations.cpp(24,206): error C2248: Shape::_point_arr: невозможно обратиться к protected член, объявленному в классе "Shape"
C:\Users\Ostap_Shut\source\repos\lab3_oop\lab3_oop\Shape.h(9): message : см. объявление "Shape::_point_arr"
C:\Users\Ostap_Shut\source\repos\lab3_oop\lab3_oop\Shape.h(6): message : см. объявление "Shape"
C:\Users\Ostap_Shut\source\repos\lab3_oop\lab3_oop\Operations.cpp(24,225): error C2248: Shape::_point_arr: невозможно обратиться к protected член, объявленному в классе "Shape"
C:\Users\Ostap_Shut\source\repos\lab3_oop\lab3_oop\Shape.h(9): message : см. объявление "Shape::_point_arr"
C:\Users\Ostap_Shut\source\repos\lab3_oop\lab3_oop\Shape.h(6): message : см. объявление "Shape"
C:\Users\Ostap_Shut\source\repos\lab3_oop\lab3_oop\Operations.cpp(24,244): error C2248: Shape::_point_arr: невозможно обратиться к protected член, объявленному в классе "Shape"
C:\Users\Ostap_Shut\source\repos\lab3_oop\lab3_oop\Shape.h(9): message : см. объявление "Shape::_point_arr"
C:\Users\Ostap_Shut\source\repos\lab3_oop\lab3_oop\Shape.h(6): message : см. объявление "Shape"
C:\Users\Ostap_Shut\source\repos\lab3_oop\lab3_oop\Operations.cpp(24,263): error C2248: Shape::_point_arr: невозможно обратиться к protected член, объявленному в классе "Shape"
C:\Users\Ostap_Shut\source\repos\lab3_oop\lab3_oop\Shape.h(9): message : см. объявление "Shape::_point_arr"
C:\Users\Ostap_Shut\source\repos\lab3_oop\lab3_oop\Shape.h(6): message : см. объявление "Shape"
C:\Users\Ostap_Shut\source\repos\lab3_oop\lab3_oop\Operations.cpp(38,9): error C2248: Shape::_Id_type: невозможно обратиться к protected член, объявленному в классе "Shape"
C:\Users\Ostap_Shut\source\repos\lab3_oop\lab3_oop\Shape.h(10): message : см. объявление "Shape::_Id_type"
C:\Users\Ostap_Shut\source\repos\lab3_oop\lab3_oop\Shape.h(6): message : см. объявление "Shape"
C:\Users\Ostap_Shut\source\repos\lab3_oop\lab3_oop\Operations.cpp(38,32): error C2248: Shape::_Id_type: невозможно обратиться к protected член, объявленному в классе "Shape"
C:\Users\Ostap_Shut\source\repos\lab3_oop\lab3_oop\Shape.h(10): message : см. объявление "Shape::_Id_type"
C:\Users\Ostap_Shut\source\repos\lab3_oop\lab3_oop\Shape.h(6): message : см. объявление "Shape"
C:\Users\Ostap_Shut\source\repos\lab3_oop\lab3_oop\Operations.cpp(38,57): error C2248: Shape::_Id_type: невозможно обратиться к protected член, объявленному в классе "Shape"
C:\Users\Ostap_Shut\source\repos\lab3_oop\lab3_oop\Shape.h(10): message : см. объявление "Shape::_Id_type"
C:\Users\Ostap_Shut\source\repos\lab3_oop\lab3_oop\Shape.h(6): message : см. объявление "Shape"
C:\Users\Ostap_Shut\source\repos\lab3_oop\lab3_oop\Operations.cpp(38,80): error C2248: Shape::_Id_type: невозможно обратиться к protected член, объявленному в классе "Shape"
C:\Users\Ostap_Shut\source\repos\lab3_oop\lab3_oop\Shape.h(10): message : см. объявление "Shape::_Id_type"
C:\Users\Ostap_Shut\source\repos\lab3_oop\lab3_oop\Shape.h(6): message : см. объявление "Shape"
C:\Users\Ostap_Shut\source\repos\lab3_oop\lab3_oop\Operations.cpp(53,21): error C2248: Shape::_point_arr: невозможно обратиться к protected член, объявленному в классе "Shape"
C:\Users\Ostap_Shut\source\repos\lab3_oop\lab3_oop\Shape.h(9): message : см. объявление "Shape::_point_arr"
C:\Users\Ostap_Shut\source\repos\lab3_oop\lab3_oop\Shape.h(6): message : см. объявление "Shape"
C:\Users\Ostap_Shut\source\repos\lab3_oop\lab3_oop\Operations.cpp(53,40): error C2248: Shape::_point_arr: невозможно обратиться к protected член, объявленному в классе "Shape"
C:\Users\Ostap_Shut\source\repos\lab3_oop\lab3_oop\Shape.h(9): message : см. объявление "Shape::_point_arr"
C:\Users\Ostap_Shut\source\repos\lab3_oop\lab3_oop\Shape.h(6): message : см. объявление "Shape"
C:\Users\Ostap_Shut\source\repos\lab3_oop\lab3_oop\Operations.cpp(53,59): error C2248: Shape::_point_arr: невозможно обратиться к protected член, объявленному в классе "Shape"
C:\Users\Ostap_Shut\source\repos\lab3_oop\lab3_oop\Shape.h(9): message : см. объявление "Shape::_point_arr"
C:\Users\Ostap_Shut\source\repos\lab3_oop\lab3_oop\Shape.h(6): message : см. объявление "Shape"
C:\Users\Ostap_Shut\source\repos\lab3_oop\lab3_oop\Operations.cpp(53,78): error C2248: Shape::_point_arr: невозможно обратиться к protected член, объявленному в классе "Shape"
C:\Users\Ostap_Shut\source\repos\lab3_oop\lab3_oop\Shape.h(9): message : см. объявление "Shape::_point_arr"
C:\Users\Ostap_Shut\source\repos\lab3_oop\lab3_oop\Shape.h(6): message : см. объявление "Shape"
C:\Users\Ostap_Shut\source\repos\lab3_oop\lab3_oop\Operations.cpp(53,111): error C2248: Shape::_point_arr: невозможно обратиться к protected член, объявленному в классе "Shape"
C:\Users\Ostap_Shut\source\repos\lab3_oop\lab3_oop\Shape.h(9): message : см. объявление "Shape::_point_arr"
C:\Users\Ostap_Shut\source\repos\lab3_oop\lab3_oop\Shape.h(6): message : см. объявление "Shape"
C:\Users\Ostap_Shut\source\repos\lab3_oop\lab3_oop\Operations.cpp(53,130): error C2248: Shape::_point_arr: невозможно обратиться к protected член, объявленному в классе "Shape"
C:\Users\Ostap_Shut\source\repos\lab3_oop\lab3_oop\Shape.h(9): message : см. объявление "Shape::_point_arr"
C:\Users\Ostap_Shut\source\repos\lab3_oop\lab3_oop\Shape.h(6): message : см. объявление "Shape"
C:\Users\Ostap_Shut\source\repos\lab3_oop\lab3_oop\Operations.cpp(53,149): error C2248: Shape::_point_arr: невозможно обратиться к protected член, объявленному в классе "Shape"
C:\Users\Ostap_Shut\source\repos\lab3_oop\lab3_oop\Shape.h(9): message : см. объявление "Shape::_point_arr"
C:\Users\Ostap_Shut\source\repos\lab3_oop\lab3_oop\Shape.h(6): message : см. объявление "Shape"
C:\Users\Ostap_Shut\source\repos\lab3_oop\lab3_oop\Operations.cpp(53,168): error C2248: Shape::_point_arr: невозможно обратиться к protected член, объявленному в классе "Shape"
C:\Users\Ostap_Shut\source\repos\lab3_oop\lab3_oop\Shape.h(9): message : см. объявление "Shape::_point_arr"
C:\Users\Ostap_Shut\source\repos\lab3_oop\lab3_oop\Shape.h(6): message : см. объявление "Shape"
C:\Users\Ostap_Shut\source\repos\lab3_oop\lab3_oop\Operations.cpp(53,201): error C2248: Shape::_point_arr: невозможно обратиться к protected член, объявленному в классе "Shape"
C:\Users\Ostap_Shut\source\repos\lab3_oop\lab3_oop\Shape.h(9): message : см. объявление "Shape::_point_arr"
C:\Users\Ostap_Shut\source\repos\lab3_oop\lab3_oop\Shape.h(6): message : см. объявление "Shape"
C:\Users\Ostap_Shut\source\repos\lab3_oop\lab3_oop\Operations.cpp(53,220): error C2248: Shape::_point_arr: невозможно обратиться к protected член, объявленному в классе "Shape"
C:\Users\Ostap_Shut\source\repos\lab3_oop\lab3_oop\Shape.h(9): message : см. объявление "Shape::_point_arr"
C:\Users\Ostap_Shut\source\repos\lab3_oop\lab3_oop\Shape.h(6): message : см. объявление "Shape"
C:\Users\Ostap_Shut\source\repos\lab3_oop\lab3_oop\Operations.cpp(53,239): error C2248: Shape::_point_arr: невозможно обратиться к protected член, объявленному в классе "Shape"
C:\Users\Ostap_Shut\source\repos\lab3_oop\lab3_oop\Shape.h(9): message : см. объявление "Shape::_point_arr"
C:\Users\Ostap_Shut\source\repos\lab3_oop\lab3_oop\Shape.h(6): message : см. объявление "Shape"
C:\Users\Ostap_Shut\source\repos\lab3_oop\lab3_oop\Operations.cpp(53,258): error C2248: Shape::_point_arr: невозможно обратиться к protected член, объявленному в классе "Shape"
C:\Users\Ostap_Shut\source\repos\lab3_oop\lab3_oop\Shape.h(9): message : см. объявление "Shape::_point_arr"
C:\Users\Ostap_Shut\source\repos\lab3_oop\lab3_oop\Shape.h(6): message : см. объявление "Shape"
C:\Users\Ostap_Shut\source\repos\lab3_oop\lab3_oop\Operations.cpp(54,22): error C2248: Shape::_point_arr: невозможно обратиться к protected член, объявленному в классе "Shape"
C:\Users\Ostap_Shut\source\repos\lab3_oop\lab3_oop\Shape.h(9): message : см. объявление "Shape::_point_arr"
C:\Users\Ostap_Shut\source\repos\lab3_oop\lab3_oop\Shape.h(6): message : см. объявление "Shape"
C:\Users\Ostap_Shut\source\repos\lab3_oop\lab3_oop\Operations.cpp(54,41): error C2248: Shape::_point_arr: невозможно обратиться к protected член, объявленному в классе "Shape"
C:\Users\Ostap_Shut\source\repos\lab3_oop\lab3_oop\Shape.h(9): message : см. объявление "Shape::_point_arr"
C:\Users\Ostap_Shut\source\repos\lab3_oop\lab3_oop\Shape.h(6): message : см. объявление "Shape"
C:\Users\Ostap_Shut\source\repos\lab3_oop\lab3_oop\Operations.cpp(54,60): error C2248: Shape::_point_arr: невозможно обратиться к protected член, объявленному в классе "Shape"
C:\Users\Ostap_Shut\source\repos\lab3_oop\lab3_oop\Shape.h(9): message : см. объявление "Shape::_point_arr"
C:\Users\Ostap_Shut\source\repos\lab3_oop\lab3_oop\Shape.h(6): message : см. объявление "Shape"
C:\Users\Ostap_Shut\source\repos\lab3_oop\lab3_oop\Operations.cpp(54,79): error C2248: Shape::_point_arr: невозможно обратиться к protected член, объявленному в классе "Shape"
C:\Users\Ostap_Shut\source\repos\lab3_oop\lab3_oop\Shape.h(9): message : см. объявление "Shape::_point_arr"
C:\Users\Ostap_Shut\source\repos\lab3_oop\lab3_oop\Shape.h(6): message : см. объявление "Shape"
C:\Users\Ostap_Shut\source\repos\lab3_oop\lab3_oop\Operations.cpp(54,112): error C2248: Shape::_point_arr: невозможно обратиться к protected член, объявленному в классе "Shape"
C:\Users\Ostap_Shut\source\repos\lab3_oop\lab3_oop\Shape.h(9): message : см. объявление "Shape::_point_arr"
C:\Users\Ostap_Shut\source\repos\lab3_oop\lab3_oop\Shape.h(6): message : см. объявление "Shape"
C:\Users\Ostap_Shut\source\repos\lab3_oop\lab3_oop\Operations.cpp(54,131): error C2248: Shape::_point_arr: невозможно обратиться к protected член, объявленному в классе "Shape"
C:\Users\Ostap_Shut\source\repos\lab3_oop\lab3_oop\Shape.h(9): message : см. объявление "Shape::_point_arr"
C:\Users\Ostap_Shut\source\repos\lab3_oop\lab3_oop\Shape.h(6): message : см. объявление "Shape"
C:\Users\Ostap_Shut\source\repos\lab3_oop\lab3_oop\Operations.cpp(54,150): error C2248: Shape::_point_arr: невозможно обратиться к protected член, объявленному в классе "Shape"
C:\Users\Ostap_Shut\source\repos\lab3_oop\lab3_oop\Shape.h(9): message : см. объявление "Shape::_point_arr"
C:\Users\Ostap_Shut\source\repos\lab3_oop\lab3_oop\Shape.h(6): message : см. объявление "Shape"
C:\Users\Ostap_Shut\source\repos\lab3_oop\lab3_oop\Operations.cpp(54,169): error C2248: Shape::_point_arr: невозможно обратиться к protected член, объявленному в классе "Shape"
C:\Users\Ostap_Shut\source\repos\lab3_oop\lab3_oop\Shape.h(9): message : см. объявление "Shape::_point_arr"
C:\Users\Ostap_Shut\source\repos\lab3_oop\lab3_oop\Shape.h(6): message : см. объявление "Shape"
C:\Users\Ostap_Shut\source\repos\lab3_oop\lab3_oop\Operations.cpp(54,202): error C2248: Shape::_point_arr: невозможно обратиться к protected член, объявленному в классе "Shape"
C:\Users\Ostap_Shut\source\repos\lab3_oop\lab3_oop\Shape.h(9): message : см. объявление "Shape::_point_arr"
C:\Users\Ostap_Shut\source\repos\lab3_oop\lab3_oop\Shape.h(6): message : см. объявление "Shape"
C:\Users\Ostap_Shut\source\repos\lab3_oop\lab3_oop\Operations.cpp(54,221): error C2248: Shape::_point_arr: невозможно обратиться к protected член, объявленному в классе "Shape"
C:\Users\Ostap_Shut\source\repos\lab3_oop\lab3_oop\Shape.h(9): message : см. объявление "Shape::_point_arr"
C:\Users\Ostap_Shut\source\repos\lab3_oop\lab3_oop\Shape.h(6): message : см. объявление "Shape"
C:\Users\Ostap_Shut\source\repos\lab3_oop\lab3_oop\Operations.cpp(54,240): error C2248: Shape::_point_arr: невозможно обратиться к protected член, объявленному в классе "Shape"
C:\Users\Ostap_Shut\source\repos\lab3_oop\lab3_oop\Shape.h(9): message : см. объявление "Shape::_point_arr"
C:\Users\Ostap_Shut\source\repos\lab3_oop\lab3_oop\Shape.h(6): message : см. объявление "Shape"
C:\Users\Ostap_Shut\source\repos\lab3_oop\lab3_oop\Operations.cpp(54,259): error C2248: Shape::_point_arr: невозможно обратиться к protected член, объявленному в классе "Shape"
C:\Users\Ostap_Shut\source\repos\lab3_oop\lab3_oop\Shape.h(9): message : см. объявление "Shape::_point_arr"
C:\Users\Ostap_Shut\source\repos\lab3_oop\lab3_oop\Shape.h(6): message : см. объявление "Shape"
C:\Users\Ostap_Shut\source\repos\lab3_oop\lab3_oop\Operations.cpp(55,23): error C2248: Shape::_point_arr: невозможно обратиться к protected член, объявленному в классе "Shape"
C:\Users\Ostap_Shut\source\repos\lab3_oop\lab3_oop\Shape.h(9): message : см. объявление "Shape::_point_arr"
C:\Users\Ostap_Shut\source\repos\lab3_oop\lab3_oop\Shape.h(6): message : см. объявление "Shape"
C:\Users\Ostap_Shut\source\repos\lab3_oop\lab3_oop\Operations.cpp(55,42): error C2248: Shape::_point_arr: невозможно обратиться к protected член, объявленному в классе "Shape"
C:\Users\Ostap_Shut\source\repos\lab3_oop\lab3_oop\Shape.h(9): message : см. объявление "Shape::_point_arr"
C:\Users\Ostap_Shut\source\repos\lab3_oop\lab3_oop\Shape.h(6): message : см. объявление "Shape"
C:\Users\Ostap_Shut\source\repos\lab3_oop\lab3_oop\Operations.cpp(55,61): error C2248: Shape::_point_arr: невозможно обратиться к protected член, объявленному в классе "Shape"
C:\Users\Ostap_Shut\source\repos\lab3_oop\lab3_oop\Shape.h(9): message : см. объявление "Shape::_point_arr"
C:\Users\Ostap_Shut\source\repos\lab3_oop\lab3_oop\Shape.h(6): message : см. объявление "Shape"
C:\Users\Ostap_Shut\source\repos\lab3_oop\lab3_oop\Operations.cpp(55,80): error C2248: Shape::_point_arr: невозможно обратиться к protected член, объявленному в классе "Shape"
C:\Users\Ostap_Shut\source\repos\lab3_oop\lab3_oop\Shape.h(9): message : см. объявление "Shape::_point_arr"
C:\Users\Ostap_Shut\source\repos\lab3_oop\lab3_oop\Shape.h(6): message : см. объявление "Shape"
C:\Users\Ostap_Shut\source\repos\lab3_oop\lab3_oop\Operations.cpp(55,113): error C2248: Shape::_point_arr: невозможно обратиться к protected член, объявленному в классе "Shape"
C:\Users\Ostap_Shut\source\repos\lab3_oop\lab3_oop\Shape.h(9): message : см. объявление "Shape::_point_arr"
C:\Users\Ostap_Shut\source\repos\lab3_oop\lab3_oop\Shape.h(6): message : см. объявление "Shape"
C:\Users\Ostap_Shut\source\repos\lab3_oop\lab3_oop\Operations.cpp(55,132): error C2248: Shape::_point_arr: невозможно обратиться к protected член, объявленному в классе "Shape"
C:\Users\Ostap_Shut\source\repos\lab3_oop\lab3_oop\Shape.h(9): message : см. объявление "Shape::_point_arr"
C:\Users\Ostap_Shut\source\repos\lab3_oop\lab3_oop\Shape.h(6): message : см. объявление "Shape"
C:\Users\Ostap_Shut\source\repos\lab3_oop\lab3_oop\Operations.cpp(55,151): error C2248: Shape::_point_arr: невозможно обратиться к protected член, объявленному в классе "Shape"
C:\Users\Ostap_Shut\source\repos\lab3_oop\lab3_oop\Shape.h(9): message : см. объявление "Shape::_point_arr"
C:\Users\Ostap_Shut\source\repos\lab3_oop\lab3_oop\Shape.h(6): message : см. объявление "Shape"
C:\Users\Ostap_Shut\source\repos\lab3_oop\lab3_oop\Operations.cpp(55,170): error C2248: Shape::_point_arr: невозможно обратиться к protected член, объявленному в классе "Shape"
C:\Users\Ostap_Shut\source\repos\lab3_oop\lab3_oop\Shape.h(9): message : см. объявление "Shape::_point_arr"
C:\Users\Ostap_Shut\source\repos\lab3_oop\lab3_oop\Shape.h(6): message : см. объявление "Shape"
C:\Users\Ostap_Shut\source\repos\lab3_oop\lab3_oop\Operations.cpp(55,203): error C2248: Shape::_point_arr: невозможно обратиться к protected член, объявленному в классе "Shape"
C:\Users\Ostap_Shut\source\repos\lab3_oop\lab3_oop\Shape.h(9): message : см. объявление "Shape::_point_arr"
C:\Users\Ostap_Shut\source\repos\lab3_oop\lab3_oop\Shape.h(6): message : см. объявление "Shape"
C:\Users\Ostap_Shut\source\repos\lab3_oop\lab3_oop\Operations.cpp(55,222): error C2248: Shape::_point_arr: невозможно обратиться к protected член, объявленному в классе "Shape"
C:\Users\Ostap_Shut\source\repos\lab3_oop\lab3_oop\Shape.h(9): message : см. объявление "Shape::_point_arr"
C:\Users\Ostap_Shut\source\repos\lab3_oop\lab3_oop\Shape.h(6): message : см. объявление "Shape"
C:\Users\Ostap_Shut\source\repos\lab3_oop\lab3_oop\Operations.cpp(55,241): error C2248: Shape::_point_arr: невозможно обратиться к protected член, объявленному в классе "Shape"
C:\Users\Ostap_Shut\source\repos\lab3_oop\lab3_oop\Shape.h(9): message : см. объявление "Shape::_point_arr"
C:\Users\Ostap_Shut\source\repos\lab3_oop\lab3_oop\Shape.h(6): message : см. объявление "Shape"
C:\Users\Ostap_Shut\source\repos\lab3_oop\lab3_oop\Operations.cpp(55,260): error C2248: Shape::_point_arr: невозможно обратиться к protected член, объявленному в классе "Shape"
C:\Users\Ostap_Shut\source\repos\lab3_oop\lab3_oop\Shape.h(9): message : см. объявление "Shape::_point_arr"
C:\Users\Ostap_Shut\source\repos\lab3_oop\lab3_oop\Shape.h(6): message : см. объявление "Shape"
C:\Users\Ostap_Shut\source\repos\lab3_oop\lab3_oop\Operations.cpp(79,10): error C2248: Shape::_point_arr: невозможно обратиться к protected член, объявленному в классе "Shape"
C:\Users\Ostap_Shut\source\repos\lab3_oop\lab3_oop\Shape.h(9): message : см. объявление "Shape::_point_arr"
C:\Users\Ostap_Shut\source\repos\lab3_oop\lab3_oop\Shape.h(6): message : см. объявление "Shape"
C:\Users\Ostap_Shut\source\repos\lab3_oop\lab3_oop\Operations.cpp(79,32): error C2248: Shape::_point_arr: невозможно обратиться к protected член, объявленному в классе "Shape"
C:\Users\Ostap_Shut\source\repos\lab3_oop\lab3_oop\Shape.h(9): message : см. объявление "Shape::_point_arr"
C:\Users\Ostap_Shut\source\repos\lab3_oop\lab3_oop\Shape.h(6): message : см. объявление "Shape"
C:\Users\Ostap_Shut\source\repos\lab3_oop\lab3_oop\Operations.cpp(79,56): error C2248: Shape::_point_arr: невозможно обратиться к protected член, объявленному в классе "Shape"
C:\Users\Ostap_Shut\source\repos\lab3_oop\lab3_oop\Shape.h(9): message : см. объявление "Shape::_point_arr"
C:\Users\Ostap_Shut\source\repos\lab3_oop\lab3_oop\Shape.h(6): message : см. объявление "Shape"
C:\Users\Ostap_Shut\source\repos\lab3_oop\lab3_oop\Operations.cpp(79,78): error C2248: Shape::_point_arr: невозможно обратиться к protected член, объявленному в классе "Shape"
C:\Users\Ostap_Shut\source\repos\lab3_oop\lab3_oop\Shape.h(9): message : см. объявление "Shape::_point_arr"
C:\Users\Ostap_Shut\source\repos\lab3_oop\lab3_oop\Shape.h(6): message : см. объявление "Shape"
C:\Users\Ostap_Shut\source\repos\lab3_oop\lab3_oop\Operations.cpp(79,102): error C2248: Shape::_point_arr: невозможно обратиться к protected член, объявленному в классе "Shape"
C:\Users\Ostap_Shut\source\repos\lab3_oop\lab3_oop\Shape.h(9): message : см. объявление "Shape::_point_arr"
C:\Users\Ostap_Shut\source\repos\lab3_oop\lab3_oop\Shape.h(6): message : см. объявление "Shape"
C:\Users\Ostap_Shut\source\repos\lab3_oop\lab3_oop\Operations.cpp(79,124): error C2248: Shape::_point_arr: невозможно обратиться к protected член, объявленному в классе "Shape"
C:\Users\Ostap_Shut\source\repos\lab3_oop\lab3_oop\Shape.h(9): message : см. объявление "Shape::_point_arr"
C:\Users\Ostap_Shut\source\repos\lab3_oop\lab3_oop\Shape.h(6): message : см. объявление "Shape"
C:\Users\Ostap_Shut\source\repos\lab3_oop\lab3_oop\Operations.cpp(79,148): error C2248: Shape::_point_arr: невозможно обратиться к protected член, объявленному в классе "Shape"
C:\Users\Ostap_Shut\source\repos\lab3_oop\lab3_oop\Shape.h(9): message : см. объявление "Shape::_point_arr"
C:\Users\Ostap_Shut\source\repos\lab3_oop\lab3_oop\Shape.h(6): message : см. объявление "Shape"
C:\Users\Ostap_Shut\source\repos\lab3_oop\lab3_oop\Operations.cpp(79,170): error C2248: Shape::_point_arr: невозможно обратиться к protected член, объявленному в классе "Shape"
C:\Users\Ostap_Shut\source\repos\lab3_oop\lab3_oop\Shape.h(9): message : см. объявление "Shape::_point_arr"
C:\Users\Ostap_Shut\source\repos\lab3_oop\lab3_oop\Shape.h(6): message : см. объявление "Shape"
C:\Users\Ostap_Shut\source\repos\lab3_oop\lab3_oop\Operations.cpp(80,10): error C2248: Shape::_point_arr: невозможно обратиться к protected член, объявленному в классе "Shape"
C:\Users\Ostap_Shut\source\repos\lab3_oop\lab3_oop\Shape.h(9): message : см. объявление "Shape::_point_arr"
C:\Users\Ostap_Shut\source\repos\lab3_oop\lab3_oop\Shape.h(6): message : см. объявление "Shape"
C:\Users\Ostap_Shut\source\repos\lab3_oop\lab3_oop\Operations.cpp(80,32): error C2248: Shape::_point_arr: невозможно обратиться к protected член, объявленному в классе "Shape"
C:\Users\Ostap_Shut\source\repos\lab3_oop\lab3_oop\Shape.h(9): message : см. объявление "Shape::_point_arr"
C:\Users\Ostap_Shut\source\repos\lab3_oop\lab3_oop\Shape.h(6): message : см. объявление "Shape"
C:\Users\Ostap_Shut\source\repos\lab3_oop\lab3_oop\Operations.cpp(80,56): error C2248: Shape::_point_arr: невозможно обратиться к protected член, объявленному в классе "Shape"
C:\Users\Ostap_Shut\source\repos\lab3_oop\lab3_oop\Shape.h(9): message : см. объявление "Shape::_point_arr"
C:\Users\Ostap_Shut\source\repos\lab3_oop\lab3_oop\Shape.h(6): message : см. объявление "Shape"
C:\Users\Ostap_Shut\source\repos\lab3_oop\lab3_oop\Operations.cpp(80,78): error C2248: Shape::_point_arr: невозможно обратиться к protected член, объявленному в классе "Shape"
C:\Users\Ostap_Shut\source\repos\lab3_oop\lab3_oop\Shape.h(9): message : см. объявление "Shape::_point_arr"
C:\Users\Ostap_Shut\source\repos\lab3_oop\lab3_oop\Shape.h(6): message : см. объявление "Shape"
C:\Users\Ostap_Shut\source\repos\lab3_oop\lab3_oop\Operations.cpp(80,102): error C2248: Shape::_point_arr: невозможно обратиться к protected член, объявленному в классе "Shape"
C:\Users\Ostap_Shut\source\repos\lab3_oop\lab3_oop\Shape.h(9): message : см. объявление "Shape::_point_arr"
C:\Users\Ostap_Shut\source\repos\lab3_oop\lab3_oop\Shape.h(6): message : см. объявление "Shape"
C:\Users\Ostap_Shut\source\repos\lab3_oop\lab3_oop\Operations.cpp(80,124): error C2248: Shape::_point_arr: невозможно обратиться к protected член, объявленному в классе "Shape"
C:\Users\Ostap_Shut\source\repos\lab3_oop\lab3_oop\Shape.h(9): message : см. объявление "Shape::_point_arr"
C:\Users\Ostap_Shut\source\repos\lab3_oop\lab3_oop\Shape.h(6): message : см. объявление "Shape"
C:\Users\Ostap_Shut\source\repos\lab3_oop\lab3_oop\Operations.cpp(80,148): error C2248: Shape::_point_arr: невозможно обратиться к protected член, объявленному в классе "Shape"
C:\Users\Ostap_Shut\source\repos\lab3_oop\lab3_oop\Shape.h(9): message : см. объявление "Shape::_point_arr"
C:\Users\Ostap_Shut\source\repos\lab3_oop\lab3_oop\Shape.h(6): message : см. объявление "Shape"
C:\Users\Ostap_Shut\source\repos\lab3_oop\lab3_oop\Operations.cpp(80,170): error C2248: Shape::_point_arr: невозможно обратиться к protected член, объявленному в классе "Shape"
C:\Users\Ostap_Shut\source\repos\lab3_oop\lab3_oop\Shape.h(9): message : см. объявление "Shape::_point_arr"
C:\Users\Ostap_Shut\source\repos\lab3_oop\lab3_oop\Shape.h(6): message : см. объявление "Shape"
C:\Users\Ostap_Shut\source\repos\lab3_oop\lab3_oop\Operations.cpp(81,10): error C2248: Shape::_point_arr: невозможно обратиться к protected член, объявленному в классе "Shape"
C:\Users\Ostap_Shut\source\repos\lab3_oop\lab3_oop\Shape.h(9): message : см. объявление "Shape::_point_arr"
C:\Users\Ostap_Shut\source\repos\lab3_oop\lab3_oop\Shape.h(6): message : см. объявление "Shape"
C:\Users\Ostap_Shut\source\repos\lab3_oop\lab3_oop\Operations.cpp(81,32): error C2248: Shape::_point_arr: невозможно обратиться к protected член, объявленному в классе "Shape"
C:\Users\Ostap_Shut\source\repos\lab3_oop\lab3_oop\Shape.h(9): message : см. объявление "Shape::_point_arr"
C:\Users\Ostap_Shut\source\repos\lab3_oop\lab3_oop\Shape.h(6): message : см. объявление "Shape"
C:\Users\Ostap_Shut\source\repos\lab3_oop\lab3_oop\Operations.cpp(81,56): error C2248: Shape::_point_arr: невозможно обратиться к protected член, объявленному в классе "Shape"
C:\Users\Ostap_Shut\source\repos\lab3_oop\lab3_oop\Shape.h(9): message : см. объявление "Shape::_point_arr"
C:\Users\Ostap_Shut\source\repos\lab3_oop\lab3_oop\Shape.h(6): message : см. объявление "Shape"
C:\Users\Ostap_Shut\source\repos\lab3_oop\lab3_oop\Operations.cpp(81,78): error C2248: Shape::_point_arr: невозможно обратиться к protected член, объявленному в классе "Shape"
C:\Users\Ostap_Shut\source\repos\lab3_oop\lab3_oop\Shape.h(9): message : см. объявление "Shape::_point_arr"
C:\Users\Ostap_Shut\source\repos\lab3_oop\lab3_oop\Shape.h(6): message : см. объявление "Shape"
C:\Users\Ostap_Shut\source\repos\lab3_oop\lab3_oop\Operations.cpp(81,102): error C2248: Shape::_point_arr: невозможно обратиться к protected член, объявленному в классе "Shape"
C:\Users\Ostap_Shut\source\repos\lab3_oop\lab3_oop\Shape.h(9): message : см. объявление "Shape::_point_arr"
C:\Users\Ostap_Shut\source\repos\lab3_oop\lab3_oop\Shape.h(6): message : см. объявление "Shape"
C:\Users\Ostap_Shut\source\repos\lab3_oop\lab3_oop\Operations.cpp(81,114): fatal error C1003: число ошибок превышает 100; остановка компиляции
  Rectangle.cpp
  Shape.cpp
  Triangle.cpp
  lab3_oop.cpp
  Создание кода...
